# JRE version: Java(TM) SE Runtime Environment (8.0_05-b13) (build 1.8.0_05-b13)
# Java VM: Java HotSpot(TM) 64-Bit Server VM (25.5-b02 mixed mode windows-amd64 compressed oops)
Heap:
 PSYoungGen      total 10752K, used 1988K [0x00000000d5c00000, 0x00000000d6880000, 0x0000000100000000)
  eden space 8704K, 4% used [0x00000000d5c00000,0x00000000d5c67cb8,0x00000000d6480000)
  from space 2048K, 76% used [0x00000000d6480000,0x00000000d66093c8,0x00000000d6680000)
  to   space 2048K, 0% used [0x00000000d6680000,0x00000000d6680000,0x00000000d6880000)
 ParOldGen       total 129536K, used 117536K [0x0000000081400000, 0x0000000089280000, 0x00000000d5c00000)
  object space 129536K, 90% used [0x0000000081400000,0x00000000886c82c8,0x0000000089280000)
 Metaspace       used 18768K, capacity 19102K, committed 19328K, reserved 1067008K
  class space    used 2268K, capacity 2352K, committed 2432K, reserved 1048576K
GC Heap History (10 events):
Event: 7.622 GC heap before
{Heap before GC invocations=27 (full 0):
 PSYoungGen      total 9728K, used 9280K [0x00000000d5c00000, 0x00000000d6980000, 0x0000000100000000)
  eden space 8704K, 100% used [0x00000000d5c00000,0x00000000d6480000,0x00000000d6480000)
  from space 1024K, 56% used [0x00000000d6880000,0x00000000d6910010,0x00000000d6980000)
  to   space 1024K, 0% used [0x00000000d6480000,0x00000000d6480000,0x00000000d6580000)
 ParOldGen       total 129536K, used 55018K [0x0000000081400000, 0x0000000089280000, 0x00000000d5c00000)
  object space 129536K, 42% used [0x0000000081400000,0x00000000849ba998,0x0000000089280000)
 Metaspace       used 14546K, capacity 14870K, committed 15232K, reserved 1062912K
  class space    used 1727K, capacity 1800K, committed 1920K, reserved 1048576K
Event: 7.627 GC heap after
Heap after GC invocations=27 (full 0):
 PSYoungGen      total 9728K, used 996K [0x00000000d5c00000, 0x00000000d6900000, 0x0000000100000000)
  eden space 8704K, 0% used [0x00000000d5c00000,0x00000000d5c00000,0x00000000d6480000)
  from space 1024K, 97% used [0x00000000d6480000,0x00000000d6579280,0x00000000d6580000)
  to   space 1536K, 0% used [0x00000000d6780000,0x00000000d6780000,0x00000000d6900000)
 ParOldGen       total 129536K, used 55635K [0x0000000081400000, 0x0000000089280000, 0x00000000d5c00000)
  object space 129536K, 42% used [0x0000000081400000,0x0000000084a54f20,0x0000000089280000)
 Metaspace       used 14546K, capacity 14870K, committed 15232K, reserved 1062912K
  class space    used 1727K, capacity 1800K, committed 1920K, reserved 1048576K
}
Event: 12.240 GC heap before
{Heap before GC invocations=28 (full 0):
 PSYoungGen      total 9728K, used 9700K [0x00000000d5c00000, 0x00000000d6900000, 0x0000000100000000)
  eden space 8704K, 100% used [0x00000000d5c00000,0x00000000d6480000,0x00000000d6480000)
  from space 1024K, 97% used [0x00000000d6480000,0x00000000d6579280,0x00000000d6580000)
  to   space 1536K, 0% used [0x00000000d6780000,0x00000000d6780000,0x00000000d6900000)
 ParOldGen       total 129536K, used 55635K [0x0000000081400000, 0x0000000089280000, 0x00000000d5c00000)
  object space 129536K, 42% used [0x0000000081400000,0x0000000084a54f20,0x0000000089280000)
 Metaspace       used 14690K, capacity 15030K, committed 15232K, reserved 1062912K
  class space    used 1730K, capacity 1832K, committed 1920K, reserved 1048576K
Event: 12.242 GC heap after
Heap after GC invocations=28 (full 0):
 PSYoungGen      total 10240K, used 1248K [0x00000000d5c00000, 0x00000000d6900000, 0x0000000100000000)
  eden space 8704K, 0% used [0x00000000d5c00000,0x00000000d5c00000,0x00000000d6480000)
  from space 1536K, 81% used [0x00000000d6780000,0x00000000d68b8000,0x00000000d6900000)
  to   space 1536K, 0% used [0x00000000d6600000,0x00000000d6600000,0x00000000d6780000)
 ParOldGen       total 129536K, used 56612K [0x0000000081400000, 0x0000000089280000, 0x00000000d5c00000)
  object space 129536K, 43% used [0x0000000081400000,0x0000000084b49118,0x0000000089280000)
 Metaspace       used 14690K, capacity 15030K, committed 15232K, reserved 1062912K
  class space    used 1730K, capacity 1832K, committed 1920K, reserved 1048576K
}
Event: 13.360 GC heap before
{Heap before GC invocations=29 (full 0):
 PSYoungGen      total 10240K, used 9952K [0x00000000d5c00000, 0x00000000d6900000, 0x0000000100000000)
  eden space 8704K, 100% used [0x00000000d5c00000,0x00000000d6480000,0x00000000d6480000)
  from space 1536K, 81% used [0x00000000d6780000,0x00000000d68b8000,0x00000000d6900000)
  to   space 1536K, 0% used [0x00000000d6600000,0x00000000d6600000,0x00000000d6780000)
 ParOldGen       total 129536K, used 56612K [0x0000000081400000, 0x0000000089280000, 0x00000000d5c00000)
  object space 129536K, 43% used [0x0000000081400000,0x0000000084b49118,0x0000000089280000)
 Metaspace       used 15308K, capacity 15546K, committed 15744K, reserved 1062912K
  class space    used 1823K, capacity 1898K, committed 1920K, reserved 1048576K
Event: 13.363 GC heap after
Heap after GC invocations=29 (full 0):
 PSYoungGen      total 9728K, used 820K [0x00000000d5c00000, 0x00000000d6800000, 0x0000000100000000)
  eden space 8704K, 0% used [0x00000000d5c00000,0x00000000d5c00000,0x00000000d6480000)
  from space 1024K, 80% used [0x00000000d6600000,0x00000000d66cd1b8,0x00000000d6700000)
  to   space 1024K, 0% used [0x00000000d6700000,0x00000000d6700000,0x00000000d6800000)
 ParOldGen       total 129536K, used 57806K [0x0000000081400000, 0x0000000089280000, 0x00000000d5c00000)
  object space 129536K, 44% used [0x0000000081400000,0x0000000084c739f8,0x0000000089280000)
 Metaspace       used 15308K, capacity 15546K, committed 15744K, reserved 1062912K
  class space    used 1823K, capacity 1898K, committed 1920K, reserved 1048576K
}
Event: 23.508 GC heap before
{Heap before GC invocations=30 (full 0):
 PSYoungGen      total 9728K, used 9524K [0x00000000d5c00000, 0x00000000d6800000, 0x0000000100000000)
  eden space 8704K, 100% used [0x00000000d5c00000,0x00000000d6480000,0x00000000d6480000)
  from space 1024K, 80% used [0x00000000d6600000,0x00000000d66cd1b8,0x00000000d6700000)
  to   space 1024K, 0% used [0x00000000d6700000,0x00000000d6700000,0x00000000d6800000)
 ParOldGen       total 129536K, used 57806K [0x0000000081400000, 0x0000000089280000, 0x00000000d5c00000)
  object space 129536K, 44% used [0x0000000081400000,0x0000000084c739f8,0x0000000089280000)
 Metaspace       used 18184K, capacity 18432K, committed 18688K, reserved 1064960K
  class space    used 2221K, capacity 2283K, committed 2304K, reserved 1048576K
Event: 23.510 GC heap after
Heap after GC invocations=30 (full 0):
 PSYoungGen      total 9728K, used 940K [0x00000000d5c00000, 0x00000000d6880000, 0x0000000100000000)
  eden space 8704K, 0% used [0x00000000d5c00000,0x00000000d5c00000,0x00000000d6480000)
  from space 1024K, 91% used [0x00000000d6700000,0x00000000d67eb108,0x00000000d6800000)
  to   space 2048K, 0% used [0x00000000d6480000,0x00000000d6480000,0x00000000d6680000)
 ParOldGen       total 129536K, used 58441K [0x0000000081400000, 0x0000000089280000, 0x00000000d5c00000)
  object space 129536K, 45% used [0x0000000081400000,0x0000000084d12750,0x0000000089280000)
 Metaspace       used 18184K, capacity 18432K, committed 18688K, reserved 1064960K
  class space    used 2221K, capacity 2283K, committed 2304K, reserved 1048576K
}
Event: 24.302 GC heap before
{Heap before GC invocations=31 (full 0):
 PSYoungGen      total 9728K, used 9639K [0x00000000d5c00000, 0x00000000d6880000, 0x0000000100000000)
  eden space 8704K, 99% used [0x00000000d5c00000,0x00000000d647eba8,0x00000000d6480000)
  from space 1024K, 91% used [0x00000000d6700000,0x00000000d67eb108,0x00000000d6800000)
  to   space 2048K, 0% used [0x00000000d6480000,0x00000000d6480000,0x00000000d6680000)
 ParOldGen       total 129536K, used 116760K [0x0000000081400000, 0x0000000089280000, 0x00000000d5c00000)
  object space 129536K, 90% used [0x0000000081400000,0x00000000886062a0,0x0000000089280000)
 Metaspace       used 18716K, capacity 19038K, committed 19328K, reserved 1067008K
  class space    used 2264K, capacity 2352K, committed 2432K, reserved 1048576K
Event: 24.304 GC heap after
Heap after GC invocations=31 (full 0):
 PSYoungGen      total 10752K, used 1572K [0x00000000d5c00000, 0x00000000d6880000, 0x0000000100000000)
  eden space 8704K, 0% used [0x00000000d5c00000,0x00000000d5c00000,0x00000000d6480000)
  from space 2048K, 76% used [0x00000000d6480000,0x00000000d66093c8,0x00000000d6680000)
  to   space 2048K, 0% used [0x00000000d6680000,0x00000000d6680000,0x00000000d6880000)
 ParOldGen       total 129536K, used 117536K [0x0000000081400000, 0x0000000089280000, 0x00000000d5c00000)
  object space 129536K, 90% used [0x0000000081400000,0x00000000886c82c8,0x0000000089280000)
 Metaspace       used 18716K, capacity 19038K, committed 19328K, reserved 1067008K
  class space    used 2264K, capacity 2352K, committed 2432K, reserved 1048576K
}

