# JRE version: Java(TM) SE Runtime Environment (8.0_05-b13) (build 1.8.0_05-b13)
# Java VM: Java HotSpot(TM) 64-Bit Server VM (25.5-b02 mixed mode windows-amd64 compressed oops)
Heap:
 PSYoungGen      total 10752K, used 1555K [0x00000000d5c00000, 0x00000000d6a80000, 0x0000000100000000)
  eden space 9728K, 5% used [0x00000000d5c00000,0x00000000d5c86800,0x00000000d6580000)
  from space 1024K, 99% used [0x00000000d6900000,0x00000000d69fe6d0,0x00000000d6a00000)
  to   space 2560K, 0% used [0x00000000d6580000,0x00000000d6580000,0x00000000d6800000)
 ParOldGen       total 129536K, used 118370K [0x0000000081400000, 0x0000000089280000, 0x00000000d5c00000)
  object space 129536K, 91% used [0x0000000081400000,0x0000000088798bd8,0x0000000089280000)
 Metaspace       used 18978K, capacity 19326K, committed 19584K, reserved 1067008K
  class space    used 2291K, capacity 2384K, committed 2432K, reserved 1048576K
GC Heap History (10 events):
Event: 4.099 GC heap before
{Heap before GC invocations=22 (full 0):
 PSYoungGen      total 10752K, used 9968K [0x00000000d5c00000, 0x00000000d6b00000, 0x0000000100000000)
  eden space 9728K, 98% used [0x00000000d5c00000,0x00000000d6550178,0x00000000d6580000)
  from space 1024K, 42% used [0x00000000d6900000,0x00000000d696c010,0x00000000d6a00000)
  to   space 1024K, 0% used [0x00000000d6a00000,0x00000000d6a00000,0x00000000d6b00000)
 ParOldGen       total 129536K, used 54871K [0x0000000081400000, 0x0000000089280000, 0x00000000d5c00000)
  object space 129536K, 42% used [0x0000000081400000,0x0000000084995ca8,0x0000000089280000)
 Metaspace       used 14213K, capacity 14518K, committed 14848K, reserved 1062912K
  class space    used 1692K, capacity 1768K, committed 1792K, reserved 1048576K
Event: 4.101 GC heap after
Heap after GC invocations=22 (full 0):
 PSYoungGen      total 10240K, used 256K [0x00000000d5c00000, 0x00000000d6a80000, 0x0000000100000000)
  eden space 9728K, 0% used [0x00000000d5c00000,0x00000000d5c00000,0x00000000d6580000)
  from space 512K, 50% used [0x00000000d6a00000,0x00000000d6a40000,0x00000000d6a80000)
  to   space 1024K, 0% used [0x00000000d6880000,0x00000000d6880000,0x00000000d6980000)
 ParOldGen       total 129536K, used 55207K [0x0000000081400000, 0x0000000089280000, 0x00000000d5c00000)
  object space 129536K, 42% used [0x0000000081400000,0x00000000849e9cb8,0x0000000089280000)
 Metaspace       used 14213K, capacity 14518K, committed 14848K, reserved 1062912K
  class space    used 1692K, capacity 1768K, committed 1792K, reserved 1048576K
}
Event: 4.544 GC heap before
{Heap before GC invocations=23 (full 0):
 PSYoungGen      total 10240K, used 9984K [0x00000000d5c00000, 0x00000000d6a80000, 0x0000000100000000)
  eden space 9728K, 100% used [0x00000000d5c00000,0x00000000d6580000,0x00000000d6580000)
  from space 512K, 50% used [0x00000000d6a00000,0x00000000d6a40000,0x00000000d6a80000)
  to   space 1024K, 0% used [0x00000000d6880000,0x00000000d6880000,0x00000000d6980000)
 ParOldGen       total 129536K, used 55207K [0x0000000081400000, 0x0000000089280000, 0x00000000d5c00000)
  object space 129536K, 42% used [0x0000000081400000,0x00000000849e9cb8,0x0000000089280000)
 Metaspace       used 14695K, capacity 15030K, committed 15232K, reserved 1062912K
  class space    used 1735K, capacity 1832K, committed 1920K, reserved 1048576K
Event: 4.547 GC heap after
Heap after GC invocations=23 (full 0):
 PSYoungGen      total 10752K, used 1024K [0x00000000d5c00000, 0x00000000d6a80000, 0x0000000100000000)
  eden space 9728K, 0% used [0x00000000d5c00000,0x00000000d5c00000,0x00000000d6580000)
  from space 1024K, 100% used [0x00000000d6880000,0x00000000d6980000,0x00000000d6980000)
  to   space 1024K, 0% used [0x00000000d6980000,0x00000000d6980000,0x00000000d6a80000)
 ParOldGen       total 129536K, used 56685K [0x0000000081400000, 0x0000000089280000, 0x00000000d5c00000)
  object space 129536K, 43% used [0x0000000081400000,0x0000000084b5b4b8,0x0000000089280000)
 Metaspace       used 14695K, capacity 15030K, committed 15232K, reserved 1062912K
  class space    used 1735K, capacity 1832K, committed 1920K, reserved 1048576K
}
Event: 5.032 GC heap before
{Heap before GC invocations=24 (full 0):
 PSYoungGen      total 10752K, used 10752K [0x00000000d5c00000, 0x00000000d6a80000, 0x0000000100000000)
  eden space 9728K, 100% used [0x00000000d5c00000,0x00000000d6580000,0x00000000d6580000)
  from space 1024K, 100% used [0x00000000d6880000,0x00000000d6980000,0x00000000d6980000)
  to   space 1024K, 0% used [0x00000000d6980000,0x00000000d6980000,0x00000000d6a80000)
 ParOldGen       total 129536K, used 56685K [0x0000000081400000, 0x0000000089280000, 0x00000000d5c00000)
  object space 129536K, 43% used [0x0000000081400000,0x0000000084b5b4b8,0x0000000089280000)
 Metaspace       used 15237K, capacity 15482K, committed 15744K, reserved 1062912K
  class space    used 1809K, capacity 1898K, committed 1920K, reserved 1048576K
Event: 5.034 GC heap after
Heap after GC invocations=24 (full 0):
 PSYoungGen      total 10752K, used 656K [0x00000000d5c00000, 0x00000000d6a80000, 0x0000000100000000)
  eden space 9728K, 0% used [0x00000000d5c00000,0x00000000d5c00000,0x00000000d6580000)
  from space 1024K, 64% used [0x00000000d6980000,0x00000000d6a24010,0x00000000d6a80000)
  to   space 1536K, 0% used [0x00000000d6780000,0x00000000d6780000,0x00000000d6900000)
 ParOldGen       total 129536K, used 57700K [0x0000000081400000, 0x0000000089280000, 0x00000000d5c00000)
  object space 129536K, 44% used [0x0000000081400000,0x0000000084c59158,0x0000000089280000)
 Metaspace       used 15237K, capacity 15482K, committed 15744K, reserved 1062912K
  class space    used 1809K, capacity 1898K, committed 1920K, reserved 1048576K
}
Event: 184.619 GC heap before
{Heap before GC invocations=25 (full 0):
 PSYoungGen      total 10752K, used 10384K [0x00000000d5c00000, 0x00000000d6a80000, 0x0000000100000000)
  eden space 9728K, 100% used [0x00000000d5c00000,0x00000000d6580000,0x00000000d6580000)
  from space 1024K, 64% used [0x00000000d6980000,0x00000000d6a24010,0x00000000d6a80000)
  to   space 1536K, 0% used [0x00000000d6780000,0x00000000d6780000,0x00000000d6900000)
 ParOldGen       total 129536K, used 57700K [0x0000000081400000, 0x0000000089280000, 0x00000000d5c00000)
  object space 129536K, 44% used [0x0000000081400000,0x0000000084c59158,0x0000000089280000)
 Metaspace       used 18100K, capacity 18368K, committed 18688K, reserved 1064960K
  class space    used 2200K, capacity 2283K, committed 2304K, reserved 1048576K
Event: 184.621 GC heap after
Heap after GC invocations=25 (full 0):
 PSYoungGen      total 11264K, used 1081K [0x00000000d5c00000, 0x00000000d6a00000, 0x0000000100000000)
  eden space 9728K, 0% used [0x00000000d5c00000,0x00000000d5c00000,0x00000000d6580000)
  from space 1536K, 70% used [0x00000000d6780000,0x00000000d688e428,0x00000000d6900000)
  to   space 1024K, 0% used [0x00000000d6900000,0x00000000d6900000,0x00000000d6a00000)
 ParOldGen       total 129536K, used 58190K [0x0000000081400000, 0x0000000089280000, 0x00000000d5c00000)
  object space 129536K, 44% used [0x0000000081400000,0x0000000084cd39b0,0x0000000089280000)
 Metaspace       used 18100K, capacity 18368K, committed 18688K, reserved 1064960K
  class space    used 2200K, capacity 2283K, committed 2304K, reserved 1048576K
}
Event: 185.438 GC heap before
{Heap before GC invocations=26 (full 0):
 PSYoungGen      total 11264K, used 10809K [0x00000000d5c00000, 0x00000000d6a00000, 0x0000000100000000)
  eden space 9728K, 100% used [0x00000000d5c00000,0x00000000d6580000,0x00000000d6580000)
  from space 1536K, 70% used [0x00000000d6780000,0x00000000d688e428,0x00000000d6900000)
  to   space 1024K, 0% used [0x00000000d6900000,0x00000000d6900000,0x00000000d6a00000)
 ParOldGen       total 129536K, used 116509K [0x0000000081400000, 0x0000000089280000, 0x00000000d5c00000)
  object space 129536K, 89% used [0x0000000081400000,0x00000000885c7500,0x0000000089280000)
 Metaspace       used 18926K, capacity 19262K, committed 19584K, reserved 1067008K
  class space    used 2288K, capacity 2384K, committed 2432K, reserved 1048576K
Event: 185.441 GC heap after
Heap after GC invocations=26 (full 0):
 PSYoungGen      total 10752K, used 1017K [0x00000000d5c00000, 0x00000000d6a80000, 0x0000000100000000)
  eden space 9728K, 0% used [0x00000000d5c00000,0x00000000d5c00000,0x00000000d6580000)
  from space 1024K, 99% used [0x00000000d6900000,0x00000000d69fe6d0,0x00000000d6a00000)
  to   space 2560K, 0% used [0x00000000d6580000,0x00000000d6580000,0x00000000d6800000)
 ParOldGen       total 129536K, used 118370K [0x0000000081400000, 0x0000000089280000, 0x00000000d5c00000)
  object space 129536K, 91% used [0x0000000081400000,0x0000000088798bd8,0x0000000089280000)
 Metaspace       used 18926K, capacity 19262K, committed 19584K, reserved 1067008K
  class space    used 2288K, capacity 2384K, committed 2432K, reserved 1048576K
}

