# JRE version: Java(TM) SE Runtime Environment (8.0_05-b13) (build 1.8.0_05-b13)
# Java VM: Java HotSpot(TM) 64-Bit Server VM (25.5-b02 mixed mode windows-amd64 compressed oops)
Heap:
 PSYoungGen      total 11264K, used 9721K [0x00000000d5c00000, 0x00000000d6c80000, 0x0000000100000000)
  eden space 10240K, 85% used [0x00000000d5c00000,0x00000000d64943e0,0x00000000d6600000)
  from space 1024K, 91% used [0x00000000d6800000,0x00000000d68ea418,0x00000000d6900000)
  to   space 2560K, 0% used [0x00000000d6a00000,0x00000000d6a00000,0x00000000d6c80000)
 ParOldGen       total 129536K, used 72068K [0x0000000081400000, 0x0000000089280000, 0x00000000d5c00000)
  object space 129536K, 55% used [0x0000000081400000,0x0000000085a61140,0x0000000089280000)
 Metaspace       used 18684K, capacity 18974K, committed 19328K, reserved 1067008K
  class space    used 2265K, capacity 2352K, committed 2432K, reserved 1048576K
GC Heap History (10 events):
Event: 12.405 GC heap before
{Heap before GC invocations=25 (full 0):
 PSYoungGen      total 12800K, used 12384K [0x00000000d5c00000, 0x00000000d6f00000, 0x0000000100000000)
  eden space 11776K, 100% used [0x00000000d5c00000,0x00000000d6780000,0x00000000d6780000)
  from space 1024K, 59% used [0x00000000d6e00000,0x00000000d6e98010,0x00000000d6f00000)
  to   space 1024K, 0% used [0x00000000d6d00000,0x00000000d6d00000,0x00000000d6e00000)
 ParOldGen       total 129536K, used 54863K [0x0000000081400000, 0x0000000089280000, 0x00000000d5c00000)
  object space 129536K, 42% used [0x0000000081400000,0x0000000084993fe0,0x0000000089280000)
 Metaspace       used 14665K, capacity 14966K, committed 15232K, reserved 1062912K
  class space    used 1741K, capacity 1832K, committed 1920K, reserved 1048576K
Event: 12.408 GC heap after
Heap after GC invocations=25 (full 0):
 PSYoungGen      total 12288K, used 1012K [0x00000000d5c00000, 0x00000000d6e80000, 0x0000000100000000)
  eden space 11264K, 0% used [0x00000000d5c00000,0x00000000d5c00000,0x00000000d6700000)
  from space 1024K, 98% used [0x00000000d6d00000,0x00000000d6dfd290,0x00000000d6e00000)
  to   space 512K, 0% used [0x00000000d6e00000,0x00000000d6e00000,0x00000000d6e80000)
 ParOldGen       total 129536K, used 56611K [0x0000000081400000, 0x0000000089280000, 0x00000000d5c00000)
  object space 129536K, 43% used [0x0000000081400000,0x0000000084b48cd8,0x0000000089280000)
 Metaspace       used 14665K, capacity 14966K, committed 15232K, reserved 1062912K
  class space    used 1741K, capacity 1832K, committed 1920K, reserved 1048576K
}
Event: 19.688 GC heap before
{Heap before GC invocations=26 (full 0):
 PSYoungGen      total 12288K, used 12276K [0x00000000d5c00000, 0x00000000d6e80000, 0x0000000100000000)
  eden space 11264K, 100% used [0x00000000d5c00000,0x00000000d6700000,0x00000000d6700000)
  from space 1024K, 98% used [0x00000000d6d00000,0x00000000d6dfd290,0x00000000d6e00000)
  to   space 512K, 0% used [0x00000000d6e00000,0x00000000d6e00000,0x00000000d6e80000)
 ParOldGen       total 129536K, used 56611K [0x0000000081400000, 0x0000000089280000, 0x00000000d5c00000)
  object space 129536K, 43% used [0x0000000081400000,0x0000000084b48cd8,0x0000000089280000)
 Metaspace       used 14709K, capacity 15030K, committed 15232K, reserved 1062912K
  class space    used 1742K, capacity 1832K, committed 1920K, reserved 1048576K
Event: 19.693 GC heap after
Heap after GC invocations=26 (full 0):
 PSYoungGen      total 11264K, used 496K [0x00000000d5c00000, 0x00000000d6e80000, 0x0000000100000000)
  eden space 10752K, 0% used [0x00000000d5c00000,0x00000000d5c00000,0x00000000d6680000)
  from space 512K, 96% used [0x00000000d6e00000,0x00000000d6e7c010,0x00000000d6e80000)
  to   space 2560K, 0% used [0x00000000d6980000,0x00000000d6980000,0x00000000d6c00000)
 ParOldGen       total 129536K, used 59070K [0x0000000081400000, 0x0000000089280000, 0x00000000d5c00000)
  object space 129536K, 45% used [0x0000000081400000,0x0000000084dafbe8,0x0000000089280000)
 Metaspace       used 14709K, capacity 15030K, committed 15232K, reserved 1062912K
  class space    used 1742K, capacity 1832K, committed 1920K, reserved 1048576K
}
Event: 27.327 GC heap before
{Heap before GC invocations=27 (full 0):
 PSYoungGen      total 11264K, used 11248K [0x00000000d5c00000, 0x00000000d6e80000, 0x0000000100000000)
  eden space 10752K, 100% used [0x00000000d5c00000,0x00000000d6680000,0x00000000d6680000)
  from space 512K, 96% used [0x00000000d6e00000,0x00000000d6e7c010,0x00000000d6e80000)
  to   space 2560K, 0% used [0x00000000d6980000,0x00000000d6980000,0x00000000d6c00000)
 ParOldGen       total 129536K, used 59070K [0x0000000081400000, 0x0000000089280000, 0x00000000d5c00000)
  object space 129536K, 45% used [0x0000000081400000,0x0000000084dafbe8,0x0000000089280000)
 Metaspace       used 14743K, capacity 15030K, committed 15232K, reserved 1062912K
  class space    used 1743K, capacity 1832K, committed 1920K, reserved 1048576K
Event: 27.333 GC heap after
Heap after GC invocations=27 (full 0):
 PSYoungGen      total 12800K, used 1288K [0x00000000d5c00000, 0x00000000d6e80000, 0x0000000100000000)
  eden space 10240K, 0% used [0x00000000d5c00000,0x00000000d5c00000,0x00000000d6600000)
  from space 2560K, 50% used [0x00000000d6980000,0x00000000d6ac2020,0x00000000d6c00000)
  to   space 2560K, 0% used [0x00000000d6c00000,0x00000000d6c00000,0x00000000d6e80000)
 ParOldGen       total 129536K, used 59547K [0x0000000081400000, 0x0000000089280000, 0x00000000d5c00000)
  object space 129536K, 45% used [0x0000000081400000,0x0000000084e26c08,0x0000000089280000)
 Metaspace       used 14743K, capacity 15030K, committed 15232K, reserved 1062912K
  class space    used 1743K, capacity 1832K, committed 1920K, reserved 1048576K
}
Event: 27.961 GC heap before
{Heap before GC invocations=28 (full 0):
 PSYoungGen      total 12800K, used 11528K [0x00000000d5c00000, 0x00000000d6e80000, 0x0000000100000000)
  eden space 10240K, 100% used [0x00000000d5c00000,0x00000000d6600000,0x00000000d6600000)
  from space 2560K, 50% used [0x00000000d6980000,0x00000000d6ac2020,0x00000000d6c00000)
  to   space 2560K, 0% used [0x00000000d6c00000,0x00000000d6c00000,0x00000000d6e80000)
 ParOldGen       total 129536K, used 59547K [0x0000000081400000, 0x0000000089280000, 0x00000000d5c00000)
  object space 129536K, 45% used [0x0000000081400000,0x0000000084e26c08,0x0000000089280000)
 Metaspace       used 15193K, capacity 15482K, committed 15744K, reserved 1062912K
  class space    used 1808K, capacity 1898K, committed 1920K, reserved 1048576K
Event: 27.964 GC heap after
Heap after GC invocations=28 (full 0):
 PSYoungGen      total 11264K, used 736K [0x00000000d5c00000, 0x00000000d6d00000, 0x0000000100000000)
  eden space 10240K, 0% used [0x00000000d5c00000,0x00000000d5c00000,0x00000000d6600000)
  from space 1024K, 71% used [0x00000000d6c00000,0x00000000d6cb8010,0x00000000d6d00000)
  to   space 2560K, 0% used [0x00000000d6800000,0x00000000d6800000,0x00000000d6a80000)
 ParOldGen       total 129536K, used 60795K [0x0000000081400000, 0x0000000089280000, 0x00000000d5c00000)
  object space 129536K, 46% used [0x0000000081400000,0x0000000084f5ec68,0x0000000089280000)
 Metaspace       used 15193K, capacity 15482K, committed 15744K, reserved 1062912K
  class space    used 1808K, capacity 1898K, committed 1920K, reserved 1048576K
}
Event: 32.775 GC heap before
{Heap before GC invocations=29 (full 0):
 PSYoungGen      total 11264K, used 10976K [0x00000000d5c00000, 0x00000000d6d00000, 0x0000000100000000)
  eden space 10240K, 100% used [0x00000000d5c00000,0x00000000d6600000,0x00000000d6600000)
  from space 1024K, 71% used [0x00000000d6c00000,0x00000000d6cb8010,0x00000000d6d00000)
  to   space 2560K, 0% used [0x00000000d6800000,0x00000000d6800000,0x00000000d6a80000)
 ParOldGen       total 129536K, used 60795K [0x0000000081400000, 0x0000000089280000, 0x00000000d5c00000)
  object space 129536K, 46% used [0x0000000081400000,0x0000000084f5ec68,0x0000000089280000)
 Metaspace       used 17447K, capacity 17696K, committed 18176K, reserved 1064960K
  class space    used 2125K, capacity 2187K, committed 2304K, reserved 1048576K
Event: 32.779 GC heap after
Heap after GC invocations=29 (full 0):
 PSYoungGen      total 11264K, used 937K [0x00000000d5c00000, 0x00000000d6c80000, 0x0000000100000000)
  eden space 10240K, 0% used [0x00000000d5c00000,0x00000000d5c00000,0x00000000d6600000)
  from space 1024K, 91% used [0x00000000d6800000,0x00000000d68ea418,0x00000000d6900000)
  to   space 2560K, 0% used [0x00000000d6a00000,0x00000000d6a00000,0x00000000d6c80000)
 ParOldGen       total 129536K, used 61363K [0x0000000081400000, 0x0000000089280000, 0x00000000d5c00000)
  object space 129536K, 47% used [0x0000000081400000,0x0000000084fecce0,0x0000000089280000)
 Metaspace       used 17447K, capacity 17696K, committed 18176K, reserved 1064960K
  class space    used 2125K, capacity 2187K, committed 2304K, reserved 1048576K
}

